ffmpeg started on 2018-04-15 at 10:56:39
Report written to "ffmpeg-20180415-105639.log"
Command line:
"C:\\Program Files\\ImageMagick-7.0.7-Q16/ffmpeg.exe" -f rawvideo -vcodec rawvideo -s 640x480 -pix_fmt rgba -r 60 -loglevel quiet -i pipe: -vcodec h264 -pix_fmt yuv420p -b 2000k -report -y a.gif
ffmpeg version 3.4 Copyright (c) 2000-2017 the FFmpeg developers
  built with gcc 7.2.0 (GCC)
  configuration: --enable-gpl --enable-version3 --enable-sdl2 --enable-bzlib --enable-fontconfig --enable-gnutls --enable-iconv --enable-libass --enable-libbluray --enable-libfreetype --enable-libmp3lame --enable-libopenjpeg --enable-libopus --enable-libshine --enable-libsnappy --enable-libsoxr --enable-libtheora --enable-libtwolame --enable-libvpx --enable-libwavpack --enable-libwebp --enable-libx264 --enable-libx265 --enable-libxml2 --enable-libzimg --enable-lzma --enable-zlib --enable-gmp --enable-libvidstab --enable-libvorbis --enable-cuda --enable-cuvid --enable-d3d11va --enable-nvenc --enable-dxva2 --enable-avisynth --enable-libmfx
  libavutil      55. 78.100 / 55. 78.100
  libavcodec     57.107.100 / 57.107.100
  libavformat    57. 83.100 / 57. 83.100
  libavdevice    57. 10.100 / 57. 10.100
  libavfilter     6.107.100 /  6.107.100
  libswscale      4.  8.100 /  4.  8.100
  libswresample   2.  9.100 /  2.  9.100
  libpostproc    54.  7.100 / 54.  7.100
Splitting the commandline.
Reading option '-f' ... matched as option 'f' (force format) with argument 'rawvideo'.
Reading option '-vcodec' ... matched as option 'vcodec' (force video codec ('copy' to copy stream)) with argument 'rawvideo'.
Reading option '-s' ... matched as option 's' (set frame size (WxH or abbreviation)) with argument '640x480'.
Reading option '-pix_fmt' ... matched as option 'pix_fmt' (set pixel format) with argument 'rgba'.
Reading option '-r' ... matched as option 'r' (set frame rate (Hz value, fraction or abbreviation)) with argument '60'.
Reading option '-loglevel' ... matched as option 'loglevel' (set logging level) with argument 'quiet'.
Reading option '-i' ... matched as input url with argument 'pipe:'.
Reading option '-vcodec' ... matched as option 'vcodec' (force video codec ('copy' to copy stream)) with argument 'h264'.
Reading option '-pix_fmt' ... matched as option 'pix_fmt' (set pixel format) with argument 'yuv420p'.
Reading option '-b' ... matched as option 'b' (video bitrate (please use -b:v)) with argument '2000k'.
Reading option '-report' ... matched as option 'report' (generate a report) with argument '1'.
Reading option '-y' ... matched as option 'y' (overwrite output files) with argument '1'.
Reading option 'a.gif' ... matched as output url.
Finished splitting the commandline.
Parsing a group of options: global .
Applying option loglevel (set logging level) with argument quiet.
Applying option report (generate a report) with argument 1.
Applying option y (overwrite output files) with argument 1.
Successfully parsed a group of options.
Parsing a group of options: input url pipe:.
Applying option f (force format) with argument rawvideo.
Applying option vcodec (force video codec ('copy' to copy stream)) with argument rawvideo.
Applying option s (set frame size (WxH or abbreviation)) with argument 640x480.
Applying option pix_fmt (set pixel format) with argument rgba.
Applying option r (set frame rate (Hz value, fraction or abbreviation)) with argument 60.
Successfully parsed a group of options.
Opening an input file: pipe:.
[rawvideo @ 000002d57fe98fe0] Opening 'pipe:' for reading
[pipe @ 000002d57fe9a840] Setting default whitelist 'crypto'
[rawvideo @ 000002d57fe98fe0] Before avformat_find_stream_info() pos: 0 bytes read:32768 seeks:0 nb_streams:1
[rawvideo @ 000002d57fe98fe0] All info found
[rawvideo @ 000002d57fe98fe0] After avformat_find_stream_info() pos: 1228800 bytes read:1228800 seeks:0 frames:1
Input #0, rawvideo, from 'pipe:':
  Duration: N/A, start: 0.000000, bitrate: 589824 kb/s
    Stream #0:0, 1, 1/60: Video: rawvideo (RGBA / 0x41424752), rgba, 640x480, 589824 kb/s, 60 tbr, 60 tbn, 60 tbc
Successfully opened the file.
Parsing a group of options: output url a.gif.
Applying option vcodec (force video codec ('copy' to copy stream)) with argument h264.
Applying option pix_fmt (set pixel format) with argument yuv420p.
Applying option b (video bitrate (please use -b:v)) with argument 2000k.
Please use -b:a or -b:v, -b is ambiguous
Successfully parsed a group of options.
Opening an output file: a.gif.
Matched encoder 'libx264' for codec 'h264'.
[file @ 000002d57fe9e140] Setting default whitelist 'file,crypto'
Successfully opened the file.
Stream mapping:
  Stream #0:0 -> #0:0 (rawvideo (native) -> h264 (libx264))
cur_dts is invalid (this is harmless if it occurs once at the start per stream)
[rawvideo @ 000002d57fec4360] PACKET SIZE: 1228800, STRIDE: 2560
detected 4 logical cores
[graph 0 input from stream 0:0 @ 000002d57ff05ec0] Setting 'video_size' to value '640x480'
[graph 0 input from stream 0:0 @ 000002d57ff05ec0] Setting 'pix_fmt' to value '28'
[graph 0 input from stream 0:0 @ 000002d57ff05ec0] Setting 'time_base' to value '1/60'
[graph 0 input from stream 0:0 @ 000002d57ff05ec0] Setting 'pixel_aspect' to value '0/1'
[graph 0 input from stream 0:0 @ 000002d57ff05ec0] Setting 'sws_param' to value 'flags=2'
[graph 0 input from stream 0:0 @ 000002d57ff05ec0] Setting 'frame_rate' to value '60/1'
[graph 0 input from stream 0:0 @ 000002d57ff05ec0] w:640 h:480 pixfmt:rgba tb:1/60 fr:60/1 sar:0/1 sws_param:flags=2
[format @ 000002d57feb33e0] compat: called with args=[yuv420p]
[format @ 000002d57feb33e0] Setting 'pix_fmts' to value 'yuv420p'
[auto_scaler_0 @ 000002d57feb3880] Setting 'flags' to value 'bicubic'
[auto_scaler_0 @ 000002d57feb3880] w:iw h:ih flags:'bicubic' interl:0
[format @ 000002d57feb33e0] auto-inserting filter 'auto_scaler_0' between the filter 'Parsed_null_0' and the filter 'format'
[AVFilterGraph @ 000002d57ff05180] query_formats: 4 queried, 2 merged, 1 already done, 0 delayed
[auto_scaler_0 @ 000002d57feb3880] w:640 h:480 fmt:rgba sar:0/1 -> w:640 h:480 fmt:yuv420p sar:0/1 flags:0x4
[libx264 @ 000002d57fe9c960] using mv_range_thread = 40
[libx264 @ 000002d57fe9c960] using cpu capabilities: MMX2 SSE2Fast SSSE3 SSE4.2 AVX FMA3 BMI2 AVX2
[libx264 @ 000002d57fe9c960] profile High, level 3.1
[gif @ 000002d57fec48c0] GIF muxer supports only a single video GIF stream.
Could not write header for output file #0 (incorrect codec parameters ?): Invalid argument
Error initializing output stream 0:0 -- 
[AVIOContext @ 000002d57fe9e240] Statistics: 0 seeks, 0 writeouts
[libx264 @ 000002d57fe9c960] final ratefactor: 25.18
[AVIOContext @ 000002d57febb020] Statistics: 1228800 bytes read, 0 seeks
Conversion failed!
